$ next build
 ⚠ Warning: Next.js inferred your workspace root, but it may not be correct.
 We detected multiple lockfiles and selected the directory of /Users/will/bun.lock as the root directory.
 To silence this warning, set `outputFileTracingRoot` in your Next.js config, or consider removing one of the lockfiles if it's not needed.
   See https://nextjs.org/docs/app/api-reference/config/next-config-js/output#caveats for more information.
 Detected additional lockfiles: 
   * /Users/will/Documents/d/digi/landing/bun.lock

   ▲ Next.js 15.5.12
   - Environments: .env

   Creating an optimized production build ...
 ✓ Compiled successfully in 1140ms
   Linting and checking validity of types ...
 ⨯ ESLint: Failed to load plugin 'react-hooks' declared in ' » eslint-config-next/core-web-vitals » /Users/will/Documents/d/digi/landing/node_modules/.bun/eslint-config-next@15.5.12+1b6dbd065fb3dc16/node_modules/eslint-config-next/index.js': Cannot find module 'eslint-plugin-react-hooks' Require stack: - /Users/will/Documents/d/digi/landing/apps/web/__placeholder__.js Referenced from: /Users/will/Documents/d/digi/landing/node_modules/.bun/eslint-config-next@15.5.12+1b6dbd065fb3dc16/node_modules/eslint-config-next/index.js
   Collecting page data ...
   Generating static pages (0/5) ...
   Generating static pages (1/5) 
   Generating static pages (2/5) 
   Generating static pages (3/5) 
 ✓ Generating static pages (5/5)
   Finalizing page optimization ...
   Collecting build traces ...

Route (app)                                 Size  First Load JS
┌ ○ /                                    4.62 kB         110 kB
├ ○ /_not-found                            997 B         103 kB
└ ƒ /api/waitlist                          121 B         102 kB
+ First Load JS shared by all             102 kB
  ├ chunks/65a56659-15cee2669b1cec57.js  54.2 kB
  ├ chunks/998-0dc93b4f6540b739.js       45.5 kB
  └ other shared chunks (total)          1.89 kB


○  (Static)   prerendered as static content
ƒ  (Dynamic)  server-rendered on demand

